<?xml version="1.0" encoding="UTF-8"?>
<!-- Generated by org.testng.reporters.JUnitReportReporter -->
<testsuite skipped="0" hostname="adminsystem-PC" name="com.testcases.regression.samepletest" tests="2" failures="0" timestamp="07 May 2017 18:03:08 GMT" time="79.572" errors="0">
  <testcase name="closeDriver" time="14.478" classname="com.testcases.regression.samepletest"/>
  <testcase name="closeDriver2" time="65.094" classname="com.testcases.regression.samepletest"/>
</testsuite> <!-- com.testcases.regression.samepletest -->
